<?xml version="1.0" encoding="UTF-8"?>
<!-- Generated by org.testng.reporters.JUnitReportReporter -->
<testsuite hostname="LAPTOP-S9PSLOEP" failures="0" tests="1" name="jenkinsTest.NewTest" time="4.476" errors="0" timestamp="2025-08-26T10:06:03 IST" skipped="0">
  <testcase classname="jenkinsTest.NewTest" name="f" time="4.476"/>
</testsuite> <!-- jenkinsTest.NewTest -->
