<?xml version="1.0" encoding="UTF-8"?>
<!-- Generated by org.testng.reporters.JUnitReportReporter -->
<testsuite hostname="LAPTOP-S9PSLOEP" failures="0" tests="1" name="testng_package.TestClass2" time="6.656" errors="0" timestamp="2025-08-14T13:06:18 IST" skipped="0">
  <testcase classname="testng_package.TestClass2" name="flipkart" time="6.656"/>
</testsuite> <!-- testng_package.TestClass2 -->
