<?xml version="1.0" encoding="UTF-8"?>
<!-- Generated by org.testng.reporters.JUnitReportReporter -->
<testsuite hostname="LAPTOP-S9PSLOEP" failures="0" tests="2" name="asserts_demo.Selenium_dev" time="2.802" errors="0" timestamp="2025-08-18T10:46:14 IST" skipped="0">
  <testcase classname="asserts_demo.Selenium_dev" name="url" time="0.021"/>
  <testcase classname="asserts_demo.Selenium_dev" name="title" time="2.781"/>
</testsuite> <!-- asserts_demo.Selenium_dev -->
