<?xml version="1.0" encoding="UTF-8"?>
<!-- Generated by org.testng.reporters.JUnitReportReporter -->
<testsuite hostname="LAPTOP-S9PSLOEP" failures="0" tests="1" name="Wait_example" time="9.785" errors="0" timestamp="2025-08-14T15:24:14 IST" skipped="0">
  <testcase classname="Wait_example" name="openpage" time="9.785"/>
</testsuite> <!-- Wait_example -->
