<?xml version="1.0" encoding="UTF-8"?>
<!-- Generated by org.testng.reporters.JUnitReportReporter -->
<testsuite hostname="LAPTOP-S9PSLOEP" failures="0" tests="3" name="testng_package.CrossBrower_testing" time="30.487" errors="0" timestamp="2025-08-14T14:56:13 IST" skipped="0">
  <testcase classname="testng_package.CrossBrower_testing" name="Edge" time="8.687"/>
  <testcase classname="testng_package.CrossBrower_testing" name="Chrome" time="9.931"/>
  <testcase classname="testng_package.CrossBrower_testing" name="Firefox" time="11.869"/>
</testsuite> <!-- testng_package.CrossBrower_testing -->
