<?xml version="1.0" encoding="UTF-8"?>
<!-- Generated by org.testng.reporters.JUnitReportReporter -->
<testsuite hostname="LAPTOP-S9PSLOEP" failures="0" tests="3" name="testng_package.Ebay_testng" time="22.394" errors="0" timestamp="2025-08-14T09:26:09 IST" skipped="0">
  <testcase classname="testng_package.Ebay_testng" name="search1" time="10.597"/>
  <testcase classname="testng_package.Ebay_testng" name="search" time="5.658"/>
  <testcase classname="testng_package.Ebay_testng" name="search2" time="6.139"/>
</testsuite> <!-- testng_package.Ebay_testng -->
