<?xml version="1.0" encoding="UTF-8"?>
<!-- Generated by org.testng.reporters.JUnitReportReporter -->
<testsuite hostname="LAPTOP-S9PSLOEP" failures="0" tests="1" name="testng_package.Wait_example2" time="7.248" errors="0" timestamp="2025-08-14T15:44:14 IST" skipped="0">
  <testcase classname="testng_package.Wait_example2" name="Explicit_wait" time="7.248"/>
</testsuite> <!-- testng_package.Wait_example2 -->
