<?xml version="1.0" encoding="UTF-8"?>
<!-- Generated by org.testng.reporters.JUnitReportReporter -->
<testsuite hostname="LAPTOP-S9PSLOEP" failures="0" tests="2" name="testNG_practice.Practice" time="23.301" errors="0" timestamp="2025-08-18T13:56:23 IST" skipped="1">
  <testcase classname="testNG_practice.Practice" name="login" time="23.301"/>
  <testcase classname="testNG_practice.Practice" name="logout">
    <skipped/>
  </testcase> <!-- logout -->
</testsuite> <!-- testNG_practice.Practice -->
