<?xml version="1.0" encoding="UTF-8"?>
<!-- Generated by org.testng.reporters.JUnitReportReporter -->
<testsuite hostname="LAPTOP-S9PSLOEP" failures="0" tests="1" name="testng_package.TestClass1" time="10.829" errors="0" timestamp="2025-08-14T13:06:18 IST" skipped="0">
  <testcase classname="testng_package.TestClass1" name="amazon" time="10.829"/>
</testsuite> <!-- testng_package.TestClass1 -->
