<?xml version="1.0" encoding="UTF-8"?>
<!-- Generated by org.testng.reporters.JUnitReportReporter -->
<testsuite hostname="LAPTOP-S9PSLOEP" failures="0" tests="4" name="testng_package.Par_Testng" time="28.358" errors="0" timestamp="2025-08-14T12:49:22 IST" skipped="0">
  <testcase classname="testng_package.Par_Testng" name="flipkart" time="6.678"/>
  <testcase classname="testng_package.Par_Testng" name="zerobank" time="8.125"/>
  <testcase classname="testng_package.Par_Testng" name="amazon" time="7.292"/>
  <testcase classname="testng_package.Par_Testng" name="ebay" time="6.263"/>
</testsuite> <!-- testng_package.Par_Testng -->
