<?xml version="1.0" encoding="UTF-8"?>
<!-- Generated by org.testng.reporters.JUnitReportReporter -->
<testsuite hostname="LAPTOP-S9PSLOEP" failures="0" tests="2" name="project.HospitalManagementTest" time="2.385" errors="0" timestamp="2025-08-23T16:03:58 IST" skipped="0">
  <testcase classname="project.HospitalManagementTest" name="testValidLoginWithMockDB" time="0.031"/>
  <testcase classname="project.HospitalManagementTest" name="testInvalidLoginWithMockDB" time="2.354"/>
</testsuite> <!-- project.HospitalManagementTest -->
