<?xml version="1.0" encoding="UTF-8"?>
<!-- Generated by org.testng.reporters.JUnitReportReporter -->
<testsuite hostname="LAPTOP-S9PSLOEP" failures="0" tests="1" name="jenkinsTest.NewTest" time="3.168" errors="0" timestamp="2025-08-25T16:55:16 IST" skipped="0">
  <testcase classname="jenkinsTest.NewTest" name="f" time="3.168"/>
</testsuite> <!-- jenkinsTest.NewTest -->
